<?xml version="1.0" encoding="UTF-8"?>
<testng-results ignored="0" total="2" passed="2" failed="0" skipped="0">
  <reporter-output>
  </reporter-output>
  <suite started-at="2022-07-03T16:34:03 IST" name="Suite" finished-at="2022-07-03T16:34:16 IST" duration-ms="12325">
    <groups>
    </groups>
    <test started-at="2022-07-03T16:34:03 IST" name="Edge Test" finished-at="2022-07-03T16:34:10 IST" duration-ms="6700">
      <class name="selenium.grid.test.parallel09.TestParallel">
        <test-method signature="doSearch(java.lang.String)[pri:0, instance:selenium.grid.test.parallel09.TestParallel@27c6e487]" started-at="2022-07-03T16:34:03 IST" name="doSearch" finished-at="2022-07-03T16:34:10 IST" duration-ms="6626" status="PASS">
          <params>
            <param index="0">
              <value>
                <![CDATA[edge]]>
              </value>
            </param>
          </params>
          <reporter-output>
          </reporter-output>
        </test-method> <!-- doSearch -->
      </class> <!-- selenium.grid.test.parallel09.TestParallel -->
    </test> <!-- Edge Test -->
    <test started-at="2022-07-03T16:34:03 IST" name="Chrome Test" finished-at="2022-07-03T16:34:16 IST" duration-ms="12325">
      <class name="selenium.grid.test.parallel09.TestParallel">
        <test-method signature="doSearch(java.lang.String)[pri:0, instance:selenium.grid.test.parallel09.TestParallel@ca263c2]" started-at="2022-07-03T16:34:03 IST" name="doSearch" finished-at="2022-07-03T16:34:16 IST" duration-ms="12255" status="PASS">
          <params>
            <param index="0">
              <value>
                <![CDATA[chrome]]>
              </value>
            </param>
          </params>
          <reporter-output>
          </reporter-output>
        </test-method> <!-- doSearch -->
      </class> <!-- selenium.grid.test.parallel09.TestParallel -->
    </test> <!-- Chrome Test -->
  </suite> <!-- Suite -->
</testng-results>
